[]
[]
[]
{"user_id":"6976175050","message_type":"photo"}
[]
[]
[]
{"user_id":"6976175021","message_type":"photo"}
[]
{"user_id":"6976175050","message_type":"photo"}
[]
{"user_id":"6976175050","message_type":"photo"}
[]
{"user_id":"6976175050","message":"\u0441\u0443\u0446\u0430\u0446\u0443\u043a\u0430","message_type":"text"}
null
null
{"user_id":"6976175050","message":"\u043a\u043f\u0443\u043a\u043f","message_type":"text"}
{"user_id":"6976175050","message":"\u0430\u043a\u0443\u043f\u0430\u043a\u0443\u043f","message_type":"text"}
null
{"user_id":"6976175050","message":"\u0434\u043e","message_type":"text"}
{"user_id":"6976175050","message_type":"photo"}
{"user_id":"6976175050","message_type":"photo"}
{"user_id":"6976175050","message_type":"photo"}
{"user_id":"6976175050","message_type":"photo"}
{"user_id":"6976175050","message":"\u0430\u0443\u043f\u0443\u043a\u043f","message_type":"text","reply_to_message_id":"1306"}
{"user_id":"6976175050","message":"\u0430\u0443\u0430\u0443\u0430\u0443\u043f\u0430","message_type":"text","reply_to_message_id":"1306"}
{"user_id":"6976175050","message":"\u0446\u0430\u043a\u0443\u043f\u043a\u0435\u0440","message_type":"text","reply_to_message_id":"1309"}
{"user_id":"6976175050","message_type":"photo"}
{"user_id":"6976175021","message":"\u0430\u0443\u0446\u0430\u0443\u0430","message_type":"text"}
{"user_id":"6976175050","message":"\u043a\u043f\u0443\u043a\u043f\u043a\u0443\u043f","message_type":"text","reply_to_message_id":"1306"}
{"user_id":"6976175050","message":"\u0432\u0443\u0430\u043a\u0443\u043f\u0443\u043a\u0435\u0440","message_type":"text","reply_to_message_id":"1312"}
{"user_id":"6976175050","message":"\u0430\u0443\u043a\u043f\u0430\u043a\u043f\u043a\u0435\u043f\u0440\u043a\u0435\u0440","message_type":"text","reply_to_message_id":"1317"}
{"user_id":"6976175050","message":"\u043c\u043a\u0443\u0435\u0438\u043a\u0435\u0438\u0435","message_type":"text","reply_to_message_id":"1316"}
{"user_id":"6976175050","message":"\u0443\u0446\u0430\u0443\u043a\u0440\u043a\u0435\u0440","message_type":"text","reply_to_message_id":"1292"}
{"user_id":"6976175050","message_type":"photo"}
{"user_id":"6976175021","message":"\u043e\u0440\u0448\u043e\u0440\u0448","message_type":"text","reply_to_message_id":"1266"}
{"user_id":"6976175021","message":"\u0440\u0448\u043e\u0440\u0448","message_type":"text"}
{"user_id":"6976175021","message":"\u043e\u043e\u043e\u043e\u043e\u043e","message_type":"text"}
{"user_id":"6976175021","message":"\u0440\u0448\u0433\u0440\u0433\u0448\u0440\u0448\u0433\u0440\u0433\u0448","message_type":"text"}
{"user_id":"6976175021","message":"\u0440\u0440\u0440\u0440","message_type":"text","reply_to_message_id":"1276"}
{"user_id":"6976175021","message":"\u0430\u0443\u0446\u0430\u0443\u0446\u0430\u043a\u0443\u043f","message_type":"text"}
{"user_id":"6976175050","message":"\u0430\u0430\u0430\u0430","message_type":"text"}
{"user_id":"6976175050","message":"\u0430\u0430\u0430\u0430\u0430\u0430","message_type":"text","reply_to_message_id":"1325"}
{"user_id":"6976175050","message":"\u0443\u0430\u0443\u043a\u043f\u0443","message_type":"text"}
{"user_id":"6976175050","message_type":"photo"}
{"user_id":"6976175050","message_type":"photo"}
{"user_id":"6976175050","message_type":"photo"}
{"user_id":"6976175050","message":"\u0430\u0430\u0430\u0430","message_type":"text"}
{"user_id":"6976175050","message_type":"photo"}
{"user_id":"6976175050","message_type":"photo"}
{"user_id":"6976175050","message_type":"photo"}
{"user_id":"6976175050","message_type":"video"}
{"user_id":"6976175050","message_type":"video"}
{"user_id":"6976175050","message_type":"video"}
{"user_id":"6976175050","message_type":"video"}
{"user_id":"6976175050","message_type":"video"}
{"user_id":"6976175050","message":"\u0430\u0443\u0446\u0430\u0443\u0446\u0430","message_type":"text"}
{"user_id":"6976175050","message":"\u043f\u0443\u043a\u043f\u043a\u0443\u043f","message_type":"text"}
{"user_id":"6976175050","message":"\u043a\u0443\u0440\u043a\u0435\u0440\u043a\u0435\u043d\u043e","message_type":"text"}
{"message_type":"photo","user_id":"6976175050"}
{"message_type":"video","user_id":"6976175050"}
{"message_type":"video","user_id":"6976175050"}
{"message_type":"video","user_id":"6976175050"}
{"message_type":"video","user_id":"6976175050"}
{"message_type":"video","user_id":"6976175050"}
{"message_type":"video","user_id":"6976175050"}
{"user_id":"6976175050","message":"\u043f\u0443\u043a\u043f\u0443\u043a\u0440","message_type":"text"}
{"message_type":"photo","user_id":"6976175050"}
{"message_type":"video","user_id":"6976175050"}
{"message_type":"video","user_id":"6976175050"}
{"message_type":"video","user_id":"6976175050"}
{"message_type":"video","user_id":"6976175050"}
{"user_id":"6976175050","message":"\u043a\u0443\u043f\u043a\u0443\u0440\u0443\u043a\u0440","message_type":"text"}
{"user_id":"6976175050","message":"\u04304\u043034\u043f","message_type":"text"}
{"user_id":"6976175050","message":"\u043045\u043f54\u043f","message_type":"text"}
{"user_id":"6976175050","message":"\u043f\u043a\u043a\u0440\u043f\u0435\u043a","message_type":"text"}
{"user_id":"6976175050","message":"\u043f\u043a\u0443\u043f\u0443\u043a\u043f","message_type":"text"}
{"user_id":"6976175050","message":"\u043a\u0443\u043a\u0443\u043c","message_type":"text"}
{"user_id":"6976175050","message":"\u043a\u0443\u043a\u0443\u043c","message_type":"text"}
{"user_id":"6976175050","message":"\u0443\u043a\u043c\u043a\u0443\u043c","message_type":"text"}
{"user_id":"6976175050","message":"\u0443\u043a\u043c\u043a\u0443\u043c","message_type":"text"}
{"user_id":"6976175050","message":"\u0430\u0430\u0430","message_type":"text"}
{"user_id":"6976175050","message":"\u0430\u043f\u043a","message_type":"text"}
{"message_type":"photo","user_id":"6976175050"}
{"message_type":"photo","user_id":"6976175050"}
{"message_type":"video","user_id":"6976175050"}
{"user_id":"6976175050","message":"\u0430\u0430\u0430","message_type":"text","reply_to_message_id":"1426"}
{"user_id":"6976175050","message":"\u0430\u0430\u0430","message_type":"text"}
{"user_id":"6976175050","message":"\u0430\u0443\u0446\u0430\u0443\u043a\u0430","message_type":"text"}
{"user_id":"6976175050","message":"rgreg","message_type":"text"}
{"user_id":"6976175050","message":"ff","message_type":"text"}
{"user_id":"6976175050","message":"kkk","message_type":"text"}
{"user_id":"6976175050","message":"\u0430\u0430\u0430ffg","message_type":"text"}
{"user_id":"6976175050","message":"ffff","message_type":"text"}
{"user_id":"6976175050","message":"frefre","message_type":"text"}
{"user_id":"6976175050","message":"ferfreg","message_type":"text"}
{"user_id":"6976175050","message":"fff","message_type":"text"}
{"user_id":"6976175050","message":"fefwe","message_type":"text"}
{"user_id":"6976175050","message":"gergerg","message_type":"text"}
{"user_id":"6976175050","message":"fewf","message_type":"text"}
{"user_id":"6976175050","message":"fef","message_type":"text"}
{"user_id":"6976175050","message":"fefewf","message_type":"text"}
{"user_id":"6976175050","message":"frefref","message_type":"text"}
{"user_id":"6976175050","message":"fff","message_type":"text"}
{"user_id":"6976175050","message":"ffggg","message_type":"text"}
{"user_id":"6976175050","message":"\u0430\u0430\u0430","message_type":"text"}
{"user_id":"6976175050","message":"\u0430\u0430\u0443\u043a\u0430","message_type":"text"}
{"user_id":"6976175021","message":"https:\/\/t.me\/elaliza_chat_bot?start=manager_ https:\/\/t.me\/elaliza_chat_bot?start=order_74964 \u041e\u0442\u0432\u0435\u0442\u0438\u0442\u044c\u0420\u0435\u0434\u0430\u043a\u0442\u0438\u0440\u043e\u0432\u0430\u0442\u044c\u0423\u0434\u0430\u043b\u0438\u0442\u044c","message_type":"text"}
