{"chat_id":"566815607","photo":"https:\/\/work.elaliza.com\/media\/admin\/SU1HXzQ1NTMuSlBH.JPG"}
{"chat_id":"566815607","photo":"https:\/\/work.elaliza.com\/media\/admin\/0KHQvdC40LzQvtC6INGN0LrRgNCw0L3QsCAyMDI0LTA2LTEyINCyIDIzLjA1LjEyLnBuZw.png"}
{"chat_id":"566815607","photo":"https:\/\/work.elaliza.com\/media\/admin\/SU1HXzQ1NTAuSlBH.JPG"}
{"chat_id":"566815607","photo":"https:\/\/work.elaliza.com\/media\/admin\/SU1HXzQ1NTIuSlBH.JPG"}
{"chat_id":"566815607","photo":"https:\/\/work.elaliza.com\/media\/admin\/SU1HXzQ1NTEuSlBH.JPG"}
{"chat_id":"566815607","photo":"https:\/\/work.elaliza.com\/media\/admin\/SU1HXzQ1NTMuSlBH.JPG"}
{"chat_id":"566815607","photo":"https:\/\/work.elaliza.com\/media\/admin\/0KHQvdC40LzQvtC6INGN0LrRgNCw0L3QsCAyMDI0LTA2LTEyINCyIDIzLjM1LjEwLnBuZw.png"}
{"chat_id":"566815607","photo":"https:\/\/work.elaliza.com\/media\/admin\/0KHQvdC40LzQvtC6INGN0LrRgNCw0L3QsCAyMDI0LTA2LTE2INCyIDExLjU0LjU3LnBuZw.png"}
{"chat_id":"566815607","photo":"https:\/\/work.elaliza.com\/media\/admin\/SU1HXzA0NjggMi5tb3Y.mov"}
{"chat_id":"566815607","photo":"https:\/\/work.elaliza.com\/media\/admin\/SU1HXzQ2NzcuTU9W.MOV"}
{"chat_id":"566815607","photo":"https:\/\/work.elaliza.com\/media\/admin\/0YDQvtC30LzRltGA0L3QsF_QtNC-0YDQvtGB0LvQsF91YS5qcGc.jpg"}
{"chat_id":"566815607","photo":"https:\/\/work.elaliza.com\/media\/admin\/SU1HXzQ2MjUuTU9W.MOV"}
{"chat_id":"566815607","photo":"https:\/\/work.elaliza.com\/media\/admin\/SU1HXzQ2MjUuTU9W.MOV"}
{"chat_id":"566815607","photo":"https:\/\/work.elaliza.com\/media\/admin\/SU1HXzQ1MjAuTU9W.MOV"}
{"chat_id":"566815607","photo":"https:\/\/work.elaliza.com\/media\/admin\/SU1HXzA0NjggMi5tb3Y.mov"}
{"chat_id":"566815607","photo":"https:\/\/work.elaliza.com\/media\/admin\/MTIwMF82NWY2Y2M3OWFkODg1Lm1wNA.mp4"}
{"chat_id":"566815607","photo":"https:\/\/work.elaliza.com\/media\/admin\/Y29weV81Qjc0RUM2NS1BRkI1LTQwNzAtQTFEQi0yNjQ0MEFCQUEwMDkuTU9W.MOV"}
{"chat_id":"566815607","photo":"https:\/\/work.elaliza.com\/media\/admin\/SU1HXzQ1MjAuTU9W.MOV"}
{"chat_id":"566815607","photo":"https:\/\/work.elaliza.com\/media\/admin\/cGhvdG9fMjAyNC0wNi0xM18wMC0wNS00MC4xODAweDEyMDB3LmpwZw.jpg"}
{"chat_id":"566815607","photo":"https:\/\/work.elaliza.com\/media\/admin\/cGhvdG9fMjAyNC0wNi0xM18wMC0wMi0xNS4xODAweDEyMDB3LmpwZw.jpg"}
{"chat_id":"566815607","photo":"https:\/\/work.elaliza.com\/media\/admin\/cGhvdG9fMjAyNC0wNi0xM18wMC0xMy0yMC4xODAweDEyMDB3LmpwZw.jpg"}
{"chat_id":"566815607","photo":"https:\/\/work.elaliza.com\/media\/admin\/0L3QsNC60LvQtdC4zIbQutCwINC-0LHQstC-0LTQutCwLnBuZw.png"}
{"chat_id":"566815607","photo":"https:\/\/work.elaliza.com\/media\/admin\/SU1HXzMyMTYuUE5H.PNG"}
{"chat_id":"566815607","photo":"https:\/\/work.elaliza.com\/media\/admin\/aW1nXzA3NDQuNTAweDcwMC53ZWJw.webp"}
